{
  "stats": {
    "suites": 1,
    "tests": 2,
    "passes": 2,
    "pending": 0,
    "failures": 0,
    "start": "2023-11-29T04:12:35.403Z",
    "end": "2023-11-29T04:12:36.695Z",
    "duration": 1292,
    "testsRegistered": 2,
    "passPercent": 100,
    "pendingPercent": 0,
    "other": 0,
    "hasOther": false,
    "skipped": 0,
    "hasSkipped": false
  },
  "results": [
    {
      "uuid": "6a924d63-f6e5-4185-b377-b4d946d2268c",
      "title": "",
      "fullFile": "C:\\Users\\Poncoe\\Documents\\petstore-apitest\\test\\api\\chaiAssertTest.js",
      "file": "\\test\\api\\chaiAssertTest.js",
      "beforeHooks": [],
      "afterHooks": [],
      "tests": [],
      "suites": [
        {
          "uuid": "aec0340e-f0e8-4073-af44-60f0fb1ed801",
          "title": "Post Request Hewan",
          "fullFile": "C:\\Users\\Poncoe\\Documents\\petstore-apitest\\test\\api\\chaiAssertTest.js",
          "file": "\\test\\api\\chaiAssertTest.js",
          "beforeHooks": [],
          "afterHooks": [],
          "tests": [
            {
              "title": "response status 200",
              "fullTitle": "Post Request Hewan response status 200",
              "timedOut": false,
              "duration": 1284,
              "state": "passed",
              "speed": "slow",
              "pass": true,
              "fail": false,
              "pending": false,
              "context": null,
              "code": "//cek response status harus sama dengan 200\nexpect((await response).status).to.equal(200)",
              "err": {},
              "uuid": "d911a75b-e1d7-49ec-8fcc-b85b7f8d6703",
              "parentUUID": "aec0340e-f0e8-4073-af44-60f0fb1ed801",
              "isHook": false,
              "skipped": false
            },
            {
              "title": "response body to haveOwnProperty",
              "fullTitle": "Post Request Hewan response body to haveOwnProperty",
              "timedOut": false,
              "duration": 1,
              "state": "passed",
              "speed": "fast",
              "pass": true,
              "fail": false,
              "pending": false,
              "context": null,
              "code": "//expect dalam body response terdapat value 'message\nexpect((await response).body).to.haveOwnProperty('message')",
              "err": {},
              "uuid": "e67d2624-0793-4025-a823-431d78bc04c7",
              "parentUUID": "aec0340e-f0e8-4073-af44-60f0fb1ed801",
              "isHook": false,
              "skipped": false
            }
          ],
          "suites": [],
          "passes": [
            "d911a75b-e1d7-49ec-8fcc-b85b7f8d6703",
            "e67d2624-0793-4025-a823-431d78bc04c7"
          ],
          "failures": [],
          "pending": [],
          "skipped": [],
          "duration": 1285,
          "root": false,
          "rootEmpty": false,
          "_timeout": 2000
        }
      ],
      "passes": [],
      "failures": [],
      "pending": [],
      "skipped": [],
      "duration": 0,
      "root": true,
      "rootEmpty": true,
      "_timeout": 2000
    }
  ],
  "meta": {
    "mocha": {
      "version": "10.2.0"
    },
    "mochawesome": {
      "options": {
        "quiet": false,
        "reportFilename": "mochawesome",
        "saveHtml": true,
        "saveJson": true,
        "consoleReporter": "spec",
        "useInlineDiffs": false,
        "code": true
      },
      "version": "7.1.3"
    },
    "marge": {
      "options": null,
      "version": "6.2.0"
    }
  }
}