{
  "stats": {
    "suites": 1,
    "tests": 2,
    "passes": 2,
    "pending": 0,
    "failures": 0,
    "start": "2023-11-29T04:21:54.092Z",
    "end": "2023-11-29T04:21:55.390Z",
    "duration": 1298,
    "testsRegistered": 2,
    "passPercent": 100,
    "pendingPercent": 0,
    "other": 0,
    "hasOther": false,
    "skipped": 0,
    "hasSkipped": false
  },
  "results": [
    {
      "uuid": "aa5f4ece-6997-410f-b3e3-7975f2cce0f0",
      "title": "",
      "fullFile": "C:\\Users\\Poncoe\\Documents\\petstore-apitest\\test\\api\\chaiAssertTest.js",
      "file": "\\test\\api\\chaiAssertTest.js",
      "beforeHooks": [],
      "afterHooks": [],
      "tests": [],
      "suites": [
        {
          "uuid": "e041beb9-c6c5-4ce4-a6a3-aa162ad53a59",
          "title": "Post Request Hewan",
          "fullFile": "C:\\Users\\Poncoe\\Documents\\petstore-apitest\\test\\api\\chaiAssertTest.js",
          "file": "\\test\\api\\chaiAssertTest.js",
          "beforeHooks": [],
          "afterHooks": [],
          "tests": [
            {
              "title": "response status 200",
              "fullTitle": "Post Request Hewan response status 200",
              "timedOut": false,
              "duration": 1289,
              "state": "passed",
              "speed": "slow",
              "pass": true,
              "fail": false,
              "pending": false,
              "context": null,
              "code": "//cek response status harus sama dengan 200\nexpect((await response).status).to.equal(200)",
              "err": {},
              "uuid": "797fc5b0-ecc4-463d-974e-cff4a9ecdc59",
              "parentUUID": "e041beb9-c6c5-4ce4-a6a3-aa162ad53a59",
              "isHook": false,
              "skipped": false
            },
            {
              "title": "response body to haveOwnProperty",
              "fullTitle": "Post Request Hewan response body to haveOwnProperty",
              "timedOut": false,
              "duration": 1,
              "state": "passed",
              "speed": "fast",
              "pass": true,
              "fail": false,
              "pending": false,
              "context": null,
              "code": "//expect dalam body response terdapat value 'message\nexpect((await response).body).to.haveOwnProperty('message')",
              "err": {},
              "uuid": "420c8039-7829-4527-b770-7e9ecbeb69df",
              "parentUUID": "e041beb9-c6c5-4ce4-a6a3-aa162ad53a59",
              "isHook": false,
              "skipped": false
            }
          ],
          "suites": [],
          "passes": [
            "797fc5b0-ecc4-463d-974e-cff4a9ecdc59",
            "420c8039-7829-4527-b770-7e9ecbeb69df"
          ],
          "failures": [],
          "pending": [],
          "skipped": [],
          "duration": 1290,
          "root": false,
          "rootEmpty": false,
          "_timeout": 2000
        }
      ],
      "passes": [],
      "failures": [],
      "pending": [],
      "skipped": [],
      "duration": 0,
      "root": true,
      "rootEmpty": true,
      "_timeout": 2000
    }
  ],
  "meta": {
    "mocha": {
      "version": "10.2.0"
    },
    "mochawesome": {
      "options": {
        "quiet": false,
        "reportFilename": "mochawesome",
        "saveHtml": true,
        "saveJson": true,
        "consoleReporter": "spec",
        "useInlineDiffs": false,
        "code": true
      },
      "version": "7.1.3"
    },
    "marge": {
      "options": null,
      "version": "6.2.0"
    }
  }
}